<?xml version="1.0" encoding="UTF-8"?>
<!-- Generated by org.testng.reporters.JUnitXMLReporter -->
<testsuite ignored="0" hostname="LAPTOP-C74ODNLO" failures="0" tests="4" name="Default test" time="31.959" errors="0" timestamp="2021-11-14T14:14:49 IST">
  <testcase classname="com.dataDriven.DataProviderTest" name="loginTest" time="1.444"/>
  <testcase classname="com.dataDriven.DataProviderTest" name="loginTest" time="0.871"/>
  <testcase classname="com.dataDriven.DataProviderTest" name="loginTest" time="0.824"/>
  <testcase classname="com.dataDriven.DataProviderTest" name="loginTest" time="3.328"/>
</testsuite> <!-- Default test -->
