<?xml version="1.0" encoding="UTF-8"?>
<testng-results ignored="0" total="5" passed="5" failed="0" skipped="0">
  <reporter-output>
  </reporter-output>
  <suite started-at="2021-12-08T21:30:45 IST" name="Default suite" finished-at="2021-12-08T21:30:45 IST" duration-ms="101">
    <groups>
    </groups>
    <test started-at="2021-12-08T21:30:45 IST" name="Default test" finished-at="2021-12-08T21:30:45 IST" duration-ms="101">
      <class name="seleniumInterviewQuestions.test">
        <test-method signature="sampleTest4()[pri:-1, instance:seleniumInterviewQuestions.test@3315d2d7]" started-at="2021-12-08T21:30:45 IST" name="sampleTest4" finished-at="2021-12-08T21:30:45 IST" duration-ms="11" status="PASS">
          <reporter-output>
          </reporter-output>
        </test-method> <!-- sampleTest4 -->
        <test-method signature="sampleTest1()[pri:0, instance:seleniumInterviewQuestions.test@3315d2d7]" started-at="2021-12-08T21:30:45 IST" name="sampleTest1" finished-at="2021-12-08T21:30:45 IST" duration-ms="1" status="PASS">
          <reporter-output>
          </reporter-output>
        </test-method> <!-- sampleTest1 -->
        <test-method signature="sampleTest5()[pri:0, instance:seleniumInterviewQuestions.test@3315d2d7]" started-at="2021-12-08T21:30:45 IST" name="sampleTest5" finished-at="2021-12-08T21:30:45 IST" duration-ms="1" status="PASS">
          <reporter-output>
          </reporter-output>
        </test-method> <!-- sampleTest5 -->
        <test-method signature="sampleTest2()[pri:1, instance:seleniumInterviewQuestions.test@3315d2d7]" started-at="2021-12-08T21:30:45 IST" name="sampleTest2" finished-at="2021-12-08T21:30:45 IST" duration-ms="2" status="PASS">
          <reporter-output>
          </reporter-output>
        </test-method> <!-- sampleTest2 -->
        <test-method signature="sampleTest3()[pri:2, instance:seleniumInterviewQuestions.test@3315d2d7]" started-at="2021-12-08T21:30:45 IST" name="sampleTest3" finished-at="2021-12-08T21:30:45 IST" duration-ms="2" status="PASS">
          <reporter-output>
          </reporter-output>
        </test-method> <!-- sampleTest3 -->
      </class> <!-- seleniumInterviewQuestions.test -->
    </test> <!-- Default test -->
  </suite> <!-- Default suite -->
</testng-results>
