<?xml version="1.0" encoding="UTF-8"?>
<testng-results ignored="0" total="4" passed="4" failed="0" skipped="0">
  <reporter-output>
  </reporter-output>
  <suite started-at="2021-11-14T14:14:17 IST" name="Default suite" finished-at="2021-11-14T14:14:49 IST" duration-ms="31959">
    <groups>
    </groups>
    <test started-at="2021-11-14T14:14:17 IST" name="Default test" finished-at="2021-11-14T14:14:49 IST" duration-ms="31959">
      <class name="com.dataDriven.DataProviderTest">
        <test-method is-config="true" signature="setUp()[pri:0, instance:com.dataDriven.DataProviderTest@51f116b8]" started-at="2021-11-14T14:14:17 IST" name="setUp" finished-at="2021-11-14T14:14:24 IST" duration-ms="6364" status="PASS">
          <reporter-output>
          </reporter-output>
        </test-method> <!-- setUp -->
        <test-method signature="loginTest(java.lang.String,java.lang.String)[pri:0, instance:com.dataDriven.DataProviderTest@51f116b8]" started-at="2021-11-14T14:14:24 IST" name="loginTest" data-provider="testData" finished-at="2021-11-14T14:14:25 IST" duration-ms="1444" status="PASS">
          <params>
            <param index="0">
              <value>
                <![CDATA[Admin]]>
              </value>
            </param>
            <param index="1">
              <value>
                <![CDATA[admin]]>
              </value>
            </param>
          </params>
          <reporter-output>
          </reporter-output>
        </test-method> <!-- loginTest -->
        <test-method is-config="true" signature="tearDown()[pri:0, instance:com.dataDriven.DataProviderTest@51f116b8]" started-at="2021-11-14T14:14:25 IST" name="tearDown" finished-at="2021-11-14T14:14:26 IST" duration-ms="717" status="PASS">
          <reporter-output>
          </reporter-output>
        </test-method> <!-- tearDown -->
        <test-method is-config="true" signature="setUp()[pri:0, instance:com.dataDriven.DataProviderTest@51f116b8]" started-at="2021-11-14T14:14:26 IST" name="setUp" finished-at="2021-11-14T14:14:31 IST" duration-ms="5224" status="PASS">
          <reporter-output>
          </reporter-output>
        </test-method> <!-- setUp -->
        <test-method signature="loginTest(java.lang.String,java.lang.String)[pri:0, instance:com.dataDriven.DataProviderTest@51f116b8]" started-at="2021-11-14T14:14:31 IST" name="loginTest" data-provider="testData" finished-at="2021-11-14T14:14:32 IST" duration-ms="871" status="PASS">
          <params>
            <param index="0">
              <value>
                <![CDATA[Admin1]]>
              </value>
            </param>
            <param index="1">
              <value>
                <![CDATA[admin123]]>
              </value>
            </param>
          </params>
          <reporter-output>
          </reporter-output>
        </test-method> <!-- loginTest -->
        <test-method is-config="true" signature="tearDown()[pri:0, instance:com.dataDriven.DataProviderTest@51f116b8]" started-at="2021-11-14T14:14:32 IST" name="tearDown" finished-at="2021-11-14T14:14:33 IST" duration-ms="769" status="PASS">
          <reporter-output>
          </reporter-output>
        </test-method> <!-- tearDown -->
        <test-method is-config="true" signature="setUp()[pri:0, instance:com.dataDriven.DataProviderTest@51f116b8]" started-at="2021-11-14T14:14:33 IST" name="setUp" finished-at="2021-11-14T14:14:38 IST" duration-ms="5288" status="PASS">
          <reporter-output>
          </reporter-output>
        </test-method> <!-- setUp -->
        <test-method signature="loginTest(java.lang.String,java.lang.String)[pri:0, instance:com.dataDriven.DataProviderTest@51f116b8]" started-at="2021-11-14T14:14:38 IST" name="loginTest" data-provider="testData" finished-at="2021-11-14T14:14:39 IST" duration-ms="824" status="PASS">
          <params>
            <param index="0">
              <value>
                <![CDATA[Admin1]]>
              </value>
            </param>
            <param index="1">
              <value>
                <![CDATA[admin]]>
              </value>
            </param>
          </params>
          <reporter-output>
          </reporter-output>
        </test-method> <!-- loginTest -->
        <test-method is-config="true" signature="tearDown()[pri:0, instance:com.dataDriven.DataProviderTest@51f116b8]" started-at="2021-11-14T14:14:39 IST" name="tearDown" finished-at="2021-11-14T14:14:40 IST" duration-ms="750" status="PASS">
          <reporter-output>
          </reporter-output>
        </test-method> <!-- tearDown -->
        <test-method is-config="true" signature="setUp()[pri:0, instance:com.dataDriven.DataProviderTest@51f116b8]" started-at="2021-11-14T14:14:40 IST" name="setUp" finished-at="2021-11-14T14:14:45 IST" duration-ms="5254" status="PASS">
          <reporter-output>
          </reporter-output>
        </test-method> <!-- setUp -->
        <test-method signature="loginTest(java.lang.String,java.lang.String)[pri:0, instance:com.dataDriven.DataProviderTest@51f116b8]" started-at="2021-11-14T14:14:45 IST" name="loginTest" data-provider="testData" finished-at="2021-11-14T14:14:48 IST" duration-ms="3328" status="PASS">
          <params>
            <param index="0">
              <value>
                <![CDATA[Admin]]>
              </value>
            </param>
            <param index="1">
              <value>
                <![CDATA[admin123]]>
              </value>
            </param>
          </params>
          <reporter-output>
          </reporter-output>
        </test-method> <!-- loginTest -->
        <test-method is-config="true" signature="tearDown()[pri:0, instance:com.dataDriven.DataProviderTest@51f116b8]" started-at="2021-11-14T14:14:48 IST" name="tearDown" finished-at="2021-11-14T14:14:49 IST" duration-ms="849" status="PASS">
          <reporter-output>
          </reporter-output>
        </test-method> <!-- tearDown -->
      </class> <!-- com.dataDriven.DataProviderTest -->
    </test> <!-- Default test -->
  </suite> <!-- Default suite -->
</testng-results>
